\BOOKMARK [1][-]{section.1}{Introduction}{}% 1
\BOOKMARK [1][-]{section.2}{Selection of Open Source Java Project}{}% 2
\BOOKMARK [2][-]{subsection.2.1}{Project Details}{section.2}% 3
\BOOKMARK [2][-]{subsection.2.2}{Classes to Test}{section.2}% 4
\BOOKMARK [1][-]{section.3}{Selection of Input Generation Tool}{}% 5
\BOOKMARK [1][-]{section.4}{Using the Input Generation Tool}{}% 6
\BOOKMARK [2][-]{subsection.4.1}{Generated Tests}{section.4}% 7
\BOOKMARK [3][-]{subsubsection.4.1.1}{Class 1 - Option}{subsection.4.1}% 8
\BOOKMARK [3][-]{subsubsection.4.1.2}{Class 2 - OptionValidator}{subsection.4.1}% 9
\BOOKMARK [3][-]{subsubsection.4.1.3}{Class 3 - GnuParser}{subsection.4.1}% 10
\BOOKMARK [3][-]{subsubsection.4.1.4}{Class 4 - CommandLine}{subsection.4.1}% 11
\BOOKMARK [2][-]{subsection.4.2}{Evaluation of Selected Input Generation Tool}{section.4}% 12
\BOOKMARK [3][-]{subsubsection.4.2.1}{Implementation Details}{subsection.4.2}% 13
\BOOKMARK [3][-]{subsubsection.4.2.2}{Effective Functionality}{subsection.4.2}% 14
\BOOKMARK [3][-]{subsubsection.4.2.3}{Ineffective Functionality}{subsection.4.2}% 15
\BOOKMARK [3][-]{subsubsection.4.2.4}{Tool Use Cases}{subsection.4.2}% 16
\BOOKMARK [3][-]{subsubsection.4.2.5}{Suggested Possible Improvements}{subsection.4.2}% 17
\BOOKMARK [2][-]{subsection.4.3}{Coverage of Generated Test Inputs}{section.4}% 18
\BOOKMARK [1][-]{section.5}{Fault Insertion}{}% 19
\BOOKMARK [1][-]{section.6}{Conclusion}{}% 20
